<?xml version="1.0" encoding="UTF-8"?>
<testsuite xmlns:xsi="http://www.w3.org/2001/XMLSchema-instance" xsi:noNamespaceSchemaLocation="https://maven.apache.org/surefire/maven-surefire-plugin/xsd/surefire-test-report-3.0.xsd" version="3.0" name="greeter.GreeterTest" time="0.589" tests="7" errors="0" skipped="0" failures="0">
  <properties>
[...]
</properties>
  <testcase name="logsIntoConsole" classname="greeter.GreeterTest" time="0.194">
    <system-out><![CDATA[2021-03-30T12:55:21.516185800Function was called with inputTime: 01:01:01
]]></system-out>
  </testcase>
  <testcase name="timeIsBetween18and22" classname="greeter.GreeterTest" time="0.113">
    <system-out><![CDATA[2021-03-30T12:55:21.684635500Function was called with inputTime: 19:00:00
]]></system-out>
  </testcase>
  <testcase name="capitalizeFirstLetterInName" classname="greeter.GreeterTest" time="0.034">
    <system-out><![CDATA[2021-03-30T12:55:21.740777500Function was called with inputTime: null
]]></system-out>
  </testcase>
  <testcase name="timeIsBetween22and06" classname="greeter.GreeterTest" time="0.018">
    <system-out><![CDATA[2021-03-30T12:55:21.780773900Function was called with inputTime: 01:00:00
]]></system-out>
  </testcase>
  <testcase name="testNameInputWithTrim" classname="greeter.GreeterTest" time="0.003">
    <system-out><![CDATA[2021-03-30T12:55:21.801782500Function was called with inputTime: null
]]></system-out>
  </testcase>
  <testcase name="timeIsBetween6and12" classname="greeter.GreeterTest" time="0.01">
    <system-out><![CDATA[2021-03-30T12:55:21.809773Function was called with inputTime: 07:00:00
]]></system-out>
  </testcase>
  <testcase name="testNameInput" classname="greeter.GreeterTest" time="0.002">
    <system-out><![CDATA[2021-03-30T12:55:21.821779Function was called with inputTime: null
]]></system-out>
  </testcase>
</testsuite>ite>