<?xml version="1.0" encoding="UTF-8"?>
<testsuite xmlns:xsi="http://www.w3.org/2001/XMLSchema-instance" xsi:noNamespaceSchemaLocation="https://maven.apache.org/surefire/maven-surefire-plugin/xsd/surefire-test-report-3.0.xsd" version="3.0" name="greeter.GreeterTest" time="0.109" tests="7" errors="0" skipped="0" failures="0">
  <properties>
[...]
</properties>
  <testcase name="logsIntoConsole" classname="greeter.GreeterTest" time="0.048">
    <system-out><![CDATA[2021-04-01T13:47:21.887593800Function was called with inputTime: 01:01:01
]]></system-out>
  </testcase>
  <testcase name="timeIsBetween18and22" classname="greeter.GreeterTest" time="0.02">
    <system-out><![CDATA[2021-04-01T13:47:21.920592400Function was called with inputTime: 19:00:00
]]></system-out>
  </testcase>
  <testcase name="capitalizeFirstLetterInName" classname="greeter.GreeterTest" time="0.009">
    <system-out><![CDATA[2021-04-01T13:47:21.930592600Function was called with inputTime: null
]]></system-out>
  </testcase>
  <testcase name="timeIsBetween22and06" classname="greeter.GreeterTest" time="0.002">
    <system-out><![CDATA[2021-04-01T13:47:21.940593400Function was called with inputTime: 01:00:00
]]></system-out>
  </testcase>
  <testcase name="testNameInputWithTrim" classname="greeter.GreeterTest" time="0.001">
    <system-out><![CDATA[2021-04-01T13:47:21.943594100Function was called with inputTime: null
]]></system-out>
  </testcase>
  <testcase name="timeIsBetween6and12" classname="greeter.GreeterTest" time="0.001">
    <system-out><![CDATA[2021-04-01T13:47:21.944594300Function was called with inputTime: 07:00:00
]]></system-out>
  </testcase>
  <testcase name="testNameInput" classname="greeter.GreeterTest" time="0.001">
    <system-out><![CDATA[2021-04-01T13:47:21.947595Function was called with inputTime: null
]]></system-out>
  </testcase>
</testsuite>